#! /c/Source/iverilog-install/bin/vvp
:ivl_version "12.0 (devel)" "(s20150603-1539-g2693dd32b)";
:ivl_delay_selection "TYPICAL";
:vpi_time_precision + 0;
:vpi_module "C:\iverilog\lib\ivl\system.vpi";
:vpi_module "C:\iverilog\lib\ivl\vhdl_sys.vpi";
:vpi_module "C:\iverilog\lib\ivl\vhdl_textio.vpi";
:vpi_module "C:\iverilog\lib\ivl\v2005_math.vpi";
:vpi_module "C:\iverilog\lib\ivl\va_math.vpi";
S_000001ef2dc968d0 .scope module, "tb_risc_bne_cpu" "tb_risc_bne_cpu" 2 1;
 .timescale 0 0;
v000001ef2dcedae0_0 .net "R0", 7 0, L_000001ef2dc99af0;  1 drivers
v000001ef2dcedb80_0 .net "R1", 7 0, L_000001ef2dc99d90;  1 drivers
v000001ef2dcedc20_0 .net "R2", 7 0, L_000001ef2dc99b60;  1 drivers
v000001ef2dced9a0_0 .net "R3", 7 0, L_000001ef2dc99700;  1 drivers
v000001ef2dced0e0_0 .var "clk", 0 0;
v000001ef2dced900_0 .var "reset", 0 0;
S_000001ef2dc96a60 .scope module, "DUT" "risc_bne_cpu" 2 9, 3 1 0, S_000001ef2dc968d0;
 .timescale 0 0;
    .port_info 0 /INPUT 1 "clk";
    .port_info 1 /INPUT 1 "reset";
    .port_info 2 /OUTPUT 8 "R0";
    .port_info 3 /OUTPUT 8 "R1";
    .port_info 4 /OUTPUT 8 "R2";
    .port_info 5 /OUTPUT 8 "R3";
P_000001ef2dc8c7d0 .param/l "ADD" 0 3 22, C4<00>;
P_000001ef2dc8c808 .param/l "BEQ" 0 3 24, C4<10>;
P_000001ef2dc8c840 .param/l "BNE" 0 3 25, C4<11>;
P_000001ef2dc8c878 .param/l "SUB" 0 3 23, C4<01>;
v000001ef2dc93e20_0 .array/port v000001ef2dc93e20, 0;
L_000001ef2dc99af0 .functor BUFZ 8, v000001ef2dc93e20_0, C4<00000000>, C4<00000000>, C4<00000000>;
v000001ef2dc93e20_1 .array/port v000001ef2dc93e20, 1;
L_000001ef2dc99d90 .functor BUFZ 8, v000001ef2dc93e20_1, C4<00000000>, C4<00000000>, C4<00000000>;
v000001ef2dc93e20_2 .array/port v000001ef2dc93e20, 2;
L_000001ef2dc99b60 .functor BUFZ 8, v000001ef2dc93e20_2, C4<00000000>, C4<00000000>, C4<00000000>;
v000001ef2dc93e20_3 .array/port v000001ef2dc93e20, 3;
L_000001ef2dc99700 .functor BUFZ 8, v000001ef2dc93e20_3, C4<00000000>, C4<00000000>, C4<00000000>;
v000001ef2dc463e0_0 .var "IR", 7 0;
v000001ef2dc93920_0 .var "PC", 3 0;
v000001ef2dc939c0_0 .net "R0", 7 0, L_000001ef2dc99af0;  alias, 1 drivers
v000001ef2dc93a60_0 .net "R1", 7 0, L_000001ef2dc99d90;  alias, 1 drivers
v000001ef2dc93b00_0 .net "R2", 7 0, L_000001ef2dc99b60;  alias, 1 drivers
v000001ef2dc93ba0_0 .net "R3", 7 0, L_000001ef2dc99700;  alias, 1 drivers
v000001ef2dc93c40_0 .net "clk", 0 0, v000001ef2dced0e0_0;  1 drivers
v000001ef2dc93ce0_0 .net "opcode", 1 0, L_000001ef2dcede00;  1 drivers
v000001ef2dc93d80 .array "program", 15 0, 7 0;
v000001ef2dc93e20 .array "reg_file", 3 0, 7 0;
v000001ef2dc93ec0_0 .net "reset", 0 0, v000001ef2dced900_0;  1 drivers
v000001ef2dced4a0_0 .net "rs1", 1 0, L_000001ef2dced040;  1 drivers
v000001ef2dcedf40_0 .net "rs2", 1 0, L_000001ef2dced360;  1 drivers
v000001ef2dceda40_0 .net "target", 1 0, L_000001ef2dced680;  1 drivers
E_000001ef2dc88790 .event posedge, v000001ef2dc93ec0_0, v000001ef2dc93c40_0;
L_000001ef2dced040 .part v000001ef2dc463e0_0, 6, 2;
L_000001ef2dced360 .part v000001ef2dc463e0_0, 4, 2;
L_000001ef2dced680 .part v000001ef2dc463e0_0, 2, 2;
L_000001ef2dcede00 .part v000001ef2dc463e0_0, 0, 2;
    .scope S_000001ef2dc96a60;
T_0 ;
    %pushi/vec4 3, 0, 8;
    %ix/load 4, 0, 0;
    %flag_set/imm 4, 0;
    %store/vec4a v000001ef2dc93e20, 4, 0;
    %pushi/vec4 0, 0, 8;
    %ix/load 4, 1, 0;
    %flag_set/imm 4, 0;
    %store/vec4a v000001ef2dc93e20, 4, 0;
    %pushi/vec4 0, 0, 8;
    %ix/load 4, 2, 0;
    %flag_set/imm 4, 0;
    %store/vec4a v000001ef2dc93e20, 4, 0;
    %pushi/vec4 0, 0, 8;
    %ix/load 4, 3, 0;
    %flag_set/imm 4, 0;
    %store/vec4a v000001ef2dc93e20, 4, 0;
    %pushi/vec4 16, 0, 8;
    %ix/load 4, 0, 0;
    %flag_set/imm 4, 0;
    %store/vec4a v000001ef2dc93d80, 4, 0;
    %pushi/vec4 21, 0, 8;
    %ix/load 4, 1, 0;
    %flag_set/imm 4, 0;
    %store/vec4a v000001ef2dc93d80, 4, 0;
    %pushi/vec4 23, 0, 8;
    %ix/load 4, 2, 0;
    %flag_set/imm 4, 0;
    %store/vec4a v000001ef2dc93d80, 4, 0;
    %pushi/vec4 0, 0, 8;
    %ix/load 4, 3, 0;
    %flag_set/imm 4, 0;
    %store/vec4a v000001ef2dc93d80, 4, 0;
    %end;
    .thread T_0;
    .scope S_000001ef2dc96a60;
T_1 ;
    %wait E_000001ef2dc88790;
    %load/vec4 v000001ef2dc93ec0_0;
    %flag_set/vec4 8;
    %jmp/0xz  T_1.0, 8;
    %pushi/vec4 0, 0, 4;
    %assign/vec4 v000001ef2dc93920_0, 0;
    %jmp T_1.1;
T_1.0 ;
    %load/vec4 v000001ef2dc93920_0;
    %pad/u 6;
    %ix/vec4 4;
    %load/vec4a v000001ef2dc93d80, 4;
    %assign/vec4 v000001ef2dc463e0_0, 0;
    %load/vec4 v000001ef2dc93920_0;
    %addi 1, 0, 4;
    %assign/vec4 v000001ef2dc93920_0, 0;
    %load/vec4 v000001ef2dc93ce0_0;
    %dup/vec4;
    %pushi/vec4 0, 0, 2;
    %cmp/u;
    %jmp/1 T_1.2, 6;
    %dup/vec4;
    %pushi/vec4 1, 0, 2;
    %cmp/u;
    %jmp/1 T_1.3, 6;
    %dup/vec4;
    %pushi/vec4 2, 0, 2;
    %cmp/u;
    %jmp/1 T_1.4, 6;
    %dup/vec4;
    %pushi/vec4 3, 0, 2;
    %cmp/u;
    %jmp/1 T_1.5, 6;
    %jmp T_1.6;
T_1.2 ;
    %load/vec4 v000001ef2dced4a0_0;
    %pad/u 4;
    %ix/vec4 4;
    %load/vec4a v000001ef2dc93e20, 4;
    %load/vec4 v000001ef2dcedf40_0;
    %pad/u 4;
    %ix/vec4 4;
    %load/vec4a v000001ef2dc93e20, 4;
    %add;
    %load/vec4 v000001ef2dced4a0_0;
    %pad/u 4;
    %ix/vec4 3;
    %ix/load 4, 0, 0; Constant delay
    %assign/vec4/a/d v000001ef2dc93e20, 0, 4;
    %jmp T_1.6;
T_1.3 ;
    %load/vec4 v000001ef2dced4a0_0;
    %pad/u 4;
    %ix/vec4 4;
    %load/vec4a v000001ef2dc93e20, 4;
    %subi 1, 0, 8;
    %load/vec4 v000001ef2dced4a0_0;
    %pad/u 4;
    %ix/vec4 3;
    %ix/load 4, 0, 0; Constant delay
    %assign/vec4/a/d v000001ef2dc93e20, 0, 4;
    %jmp T_1.6;
T_1.4 ;
    %load/vec4 v000001ef2dced4a0_0;
    %pad/u 4;
    %ix/vec4 4;
    %load/vec4a v000001ef2dc93e20, 4;
    %load/vec4 v000001ef2dcedf40_0;
    %pad/u 4;
    %ix/vec4 4;
    %load/vec4a v000001ef2dc93e20, 4;
    %cmp/e;
    %jmp/0xz  T_1.7, 4;
    %load/vec4 v000001ef2dceda40_0;
    %pad/u 4;
    %assign/vec4 v000001ef2dc93920_0, 0;
T_1.7 ;
    %jmp T_1.6;
T_1.5 ;
    %load/vec4 v000001ef2dced4a0_0;
    %pad/u 4;
    %ix/vec4 4;
    %load/vec4a v000001ef2dc93e20, 4;
    %load/vec4 v000001ef2dcedf40_0;
    %pad/u 4;
    %ix/vec4 4;
    %load/vec4a v000001ef2dc93e20, 4;
    %cmp/ne;
    %jmp/0xz  T_1.9, 4;
    %load/vec4 v000001ef2dceda40_0;
    %pad/u 4;
    %assign/vec4 v000001ef2dc93920_0, 0;
T_1.9 ;
    %jmp T_1.6;
T_1.6 ;
    %pop/vec4 1;
T_1.1 ;
    %jmp T_1;
    .thread T_1;
    .scope S_000001ef2dc968d0;
T_2 ;
    %pushi/vec4 0, 0, 1;
    %store/vec4 v000001ef2dced0e0_0, 0, 1;
    %pushi/vec4 1, 0, 1;
    %store/vec4 v000001ef2dced900_0, 0, 1;
    %end;
    .thread T_2;
    .scope S_000001ef2dc968d0;
T_3 ;
    %delay 5, 0;
    %load/vec4 v000001ef2dced0e0_0;
    %inv;
    %store/vec4 v000001ef2dced0e0_0, 0, 1;
    %jmp T_3;
    .thread T_3;
    .scope S_000001ef2dc968d0;
T_4 ;
    %delay 10, 0;
    %pushi/vec4 0, 0, 1;
    %store/vec4 v000001ef2dced900_0, 0, 1;
    %delay 200, 0;
    %vpi_call 2 27 "$display", "---- Final Register Values ----" {0 0 0};
    %vpi_call 2 28 "$display", "R0 = %d", v000001ef2dcedae0_0 {0 0 0};
    %vpi_call 2 29 "$display", "R1 = %d", v000001ef2dcedb80_0 {0 0 0};
    %vpi_call 2 30 "$display", "R2 = %d", v000001ef2dcedc20_0 {0 0 0};
    %vpi_call 2 31 "$display", "R3 = %d", v000001ef2dced9a0_0 {0 0 0};
    %vpi_call 2 33 "$finish" {0 0 0};
    %end;
    .thread T_4;
# The file index is used to find the file name in the following table.
:file_names 4;
    "N/A";
    "<interactive>";
    "tb_risc_bne_cpu.v";
    "risc_bne_cpu.v";
